execve("./a.out", ["./a.out"], 0x7fff052a63c0 /* 58 vars */) = 0
brk(NULL)                               = 0x556edc454000
access("/etc/ld.so.nohwcap", F_OK)      = -1 ENOENT (No such file or directory)
access("/etc/ld.so.preload", R_OK)      = -1 ENOENT (No such file or directory)
openat(AT_FDCWD, "/etc/ld.so.cache", O_RDONLY|O_CLOEXEC) = 3
fstat(3, {st_mode=S_IFREG|0644, st_size=120266, ...}) = 0
mmap(NULL, 120266, PROT_READ, MAP_PRIVATE, 3, 0) = 0x7fead82bf000
close(3)                                = 0
access("/etc/ld.so.nohwcap", F_OK)      = -1 ENOENT (No such file or directory)
openat(AT_FDCWD, "/lib/x86_64-linux-gnu/libc.so.6", O_RDONLY|O_CLOEXEC) = 3
read(3, "\177ELF\2\1\1\3\0\0\0\0\0\0\0\0\3\0>\0\1\0\0\0\260\34\2\0\0\0\0\0"..., 832) = 832
fstat(3, {st_mode=S_IFREG|0755, st_size=2030544, ...}) = 0
mmap(NULL, 8192, PROT_READ|PROT_WRITE, MAP_PRIVATE|MAP_ANONYMOUS, -1, 0) = 0x7fead82bd000
mmap(NULL, 4131552, PROT_READ|PROT_EXEC, MAP_PRIVATE|MAP_DENYWRITE, 3, 0) = 0x7fead7cc5000
mprotect(0x7fead7eac000, 2097152, PROT_NONE) = 0
mmap(0x7fead80ac000, 24576, PROT_READ|PROT_WRITE, MAP_PRIVATE|MAP_FIXED|MAP_DENYWRITE, 3, 0x1e7000) = 0x7fead80ac000
mmap(0x7fead80b2000, 15072, PROT_READ|PROT_WRITE, MAP_PRIVATE|MAP_FIXED|MAP_ANONYMOUS, -1, 0) = 0x7fead80b2000
close(3)                                = 0
arch_prctl(ARCH_SET_FS, 0x7fead82be4c0) = 0
mprotect(0x7fead80ac000, 16384, PROT_READ) = 0
mprotect(0x556edbfe9000, 4096, PROT_READ) = 0
mprotect(0x7fead82dd000, 4096, PROT_READ) = 0
munmap(0x7fead82bf000, 120266)          = 0
fstat(1, {st_mode=S_IFCHR|0620, st_rdev=makedev(136, 0), ...}) = 0
brk(NULL)                               = 0x556edc454000
brk(0x556edc475000)                     = 0x556edc475000
fstat(0, {st_mode=S_IFCHR|0620, st_rdev=makedev(136, 0), ...}) = 0
write(1, "Enter: ", 7)                  = 7
read(0, "12\n", 1024)                   = 3
write(2, "x=12\n", 5)                   = 5
lseek(0, -1, SEEK_CUR)                  = -1 ESPIPE (Illegal seek)
exit_group(0)                           = ?
+++ exited with 0 +++
